<?xml version="1.0" encoding="UTF-8"?>
<!-- Generated by org.testng.reporters.JUnitReportReporter -->
<testsuite hostname="QT-INBG-LT1936" failures="0" tests="8" name="hp" time="53.967" errors="0" timestamp="2022-09-19T11:05:04 IST" skipped="0">
  <testcase classname="hp" name="homepage5" time="6.349"/>
  <system-out/>
  <testcase classname="hp" name="homepage1" time="8.895"/>
  <system-out/>
  <testcase classname="hp" name="homepage7" time="6.410"/>
  <system-out/>
  <testcase classname="hp" name="homepage2" time="6.323"/>
  <system-out/>
  <testcase classname="hp" name="homepage8" time="6.396"/>
  <system-out/>
  <testcase classname="hp" name="homepage4" time="6.440"/>
  <system-out/>
  <testcase classname="hp" name="homepage6" time="6.396"/>
  <system-out/>
  <testcase classname="hp" name="homepage3" time="6.758"/>
  <system-out/>
</testsuite> <!-- hp -->
