<?xml version="1.0" encoding="UTF-8"?>
<!-- Generated by org.testng.reporters.JUnitReportReporter -->
<testsuite hostname="QT-INBG-LT1936" failures="0" tests="2" name="signinpom" time="15.126" errors="0" timestamp="2022-09-19T09:57:36 IST" skipped="0">
  <testcase classname="signinpom" name="signin" time="6.308"/>
  <system-out/>
  <testcase classname="signinpom" name="signin" time="8.818"/>
  <system-out/>
</testsuite> <!-- signinpom -->
