<?xml version="1.0" encoding="UTF-8"?>
<!-- Generated by org.testng.reporters.JUnitReportReporter -->
<testsuite hostname="QT-INBG-LT1936" failures="0" tests="2" name="signuppom" time="14.276" errors="0" timestamp="2022-09-19T12:55:21 IST" skipped="0">
  <testcase classname="signuppom" name="signup1" time="8.340"/>
  <system-out/>
  <testcase classname="signuppom" name="signup1" time="5.936"/>
  <system-out/>
</testsuite> <!-- signuppom -->
